<?xml version="1.0" encoding="UTF-8"?>
<!-- Generated by org.testng.reporters.JUnitReportReporter -->
<testsuite hostname="JV-LAP046" failures="0" tests="4" name="test.TestClass" time="9.793" errors="0" timestamp="2022-05-25T14:34:45 NPT" skipped="0">
  <testcase classname="test.TestClass" name="readExcel" time="0.438"/>
  <system-out/>
  <testcase classname="test.TestClass" name="urlTest" time="1.332"/>
  <system-out/>
  <testcase classname="test.TestClass" name="loginTest" time="7.978"/>
  <system-out/>
  <testcase classname="test.TestClass" name="linksTest" time="0.045"/>
  <system-out/>
</testsuite> <!-- test.TestClass -->
