<?xml version="1.0" encoding="UTF-8"?>
<!-- Generated by org.testng.reporters.JUnitReportReporter -->
<testsuite hostname="JV-LAP046" failures="0" tests="4" name="test.TestClass" time="34.854" errors="0" timestamp="2022-05-31T12:09:56 NPT" skipped="0">
  <testcase classname="test.TestClass" name="readExcel" time="0.378"/>
  <system-out/>
  <testcase classname="test.TestClass" name="urlTest" time="3.596"/>
  <system-out/>
  <testcase classname="test.TestClass" name="loginTest" time="8.256"/>
  <system-out/>
  <testcase classname="test.TestClass" name="linksTest" time="22.624"/>
  <system-out/>
</testsuite> <!-- test.TestClass -->
