<?xml version="1.0" encoding="UTF-8"?>
<!-- Generated by org.testng.reporters.JUnitReportReporter -->
<testsuite hostname="JV-LAP046" failures="0" tests="7" name="test.SampleTest" time="69.990" errors="0" timestamp="2022-06-07T09:32:03 NPT" skipped="0">
  <testcase classname="test.SampleTest" name="urlTest" time="3.595"/>
  <system-out/>
  <testcase classname="test.SampleTest" name="loginTest" time="4.271"/>
  <system-out/>
  <testcase classname="test.SampleTest" name="linksTest" time="2.202"/>
  <system-out/>
  <testcase classname="test.SampleTest" name="searchCaseEmailCaseNum" time="26.901"/>
  <system-out/>
  <testcase classname="test.SampleTest" name="searchCaseEmailCustomerNum" time="24.145"/>
  <system-out/>
  <testcase classname="test.SampleTest" name="searchCaseEmailStatus" time="8.765"/>
  <system-out/>
  <testcase classname="test.SampleTest" name="logout" time="0.111"/>
  <system-out/>
</testsuite> <!-- test.SampleTest -->
