<?xml version="1.0" encoding="UTF-8"?>
<!-- Generated by org.testng.reporters.JUnitReportReporter -->
<testsuite hostname="JV-LAP046" failures="0" tests="1" name="test.HappyFlow" time="51.265" errors="0" timestamp="2022-06-06T15:34:05 NPT" skipped="0">
  <testcase classname="test.HappyFlow" name="happyFlowTest" time="51.265"/>
  <system-out/>
</testsuite> <!-- test.HappyFlow -->
