<?xml version="1.0" encoding="UTF-8"?>
<!-- Generated by org.testng.reporters.JUnitReportReporter -->
<testsuite hostname="JV-LAP046" failures="0" tests="5" name="test.SampleTest" time="10.163" errors="0" timestamp="2022-05-25T16:37:21 NPT" skipped="0">
  <testcase classname="test.SampleTest" name="excelReadTest" time="0.323"/>
  <system-out/>
  <testcase classname="test.SampleTest" name="urlTest" time="1.153"/>
  <system-out/>
  <testcase classname="test.SampleTest" name="loginTest" time="7.224"/>
  <system-out/>
  <testcase classname="test.SampleTest" name="linksTest" time="1.356"/>
  <system-out/>
  <testcase classname="test.SampleTest" name="logout" time="0.107"/>
  <system-out/>
</testsuite> <!-- test.SampleTest -->
