<?xml version="1.0" encoding="UTF-8"?>
<!-- Generated by org.testng.reporters.JUnitReportReporter -->
<testsuite hostname="JV-LAP046" failures="0" tests="6" name="test.SampleTest" time="115.187" errors="0" timestamp="2022-06-13T10:10:36 NPT" skipped="0">
  <testcase classname="test.SampleTest" name="urlTest" time="3.828"/>
  <system-out/>
  <testcase classname="test.SampleTest" name="loginTest" time="3.421"/>
  <system-out/>
  <testcase classname="test.SampleTest" name="linksTest" time="5.537"/>
  <system-out/>
  <testcase classname="test.SampleTest" name="searchCaseEmailCaseNum" time="14.074"/>
  <system-out/>
  <testcase classname="test.SampleTest" name="searchCaseEmailCustomerNo" time="88.231"/>
  <system-out/>
  <testcase classname="test.SampleTest" name="logout" time="0.096"/>
  <system-out/>
</testsuite> <!-- test.SampleTest -->
